# JRE version: Java(TM) SE Runtime Environment (8.0_181-b13) (build 1.8.0_181-b13)
# Java VM: Java HotSpot(TM) 64-Bit Server VM (25.181-b13 mixed mode windows-amd64 compressed oops)
Heap:
 PSYoungGen      total 88064K, used 27661K [0x00000000e0800000, 0x00000000e6780000, 0x0000000100000000)
  eden space 79872K, 28% used [0x00000000e0800000,0x00000000e1dec310,0x00000000e5600000)
  from space 8192K, 63% used [0x00000000e5e00000,0x00000000e6317348,0x00000000e6600000)
  to   space 8192K, 0% used [0x00000000e5600000,0x00000000e5600000,0x00000000e5e00000)
 ParOldGen       total 50688K, used 28021K [0x00000000a1800000, 0x00000000a4980000, 0x00000000e0800000)
  object space 50688K, 55% used [0x00000000a1800000,0x00000000a335d508,0x00000000a4980000)
 Metaspace       used 50507K, capacity 51908K, committed 52096K, reserved 1093632K
  class space    used 6872K, capacity 7250K, committed 7296K, reserved 1048576K
GC Heap History (10 events):
Event: 92.578 GC heap before
{Heap before GC invocations=18 (full 2):
 PSYoungGen      total 42496K, used 33792K [0x00000000e0800000, 0x00000000e4a80000, 0x0000000100000000)
  eden space 33792K, 100% used [0x00000000e0800000,0x00000000e2900000,0x00000000e2900000)
  from space 8704K, 0% used [0x00000000e2900000,0x00000000e2900000,0x00000000e3180000)
  to   space 8704K, 0% used [0x00000000e4200000,0x00000000e4200000,0x00000000e4a80000)
 ParOldGen       total 50688K, used 17638K [0x00000000a1800000, 0x00000000a4980000, 0x00000000e0800000)
  object space 50688K, 34% used [0x00000000a1800000,0x00000000a2939b20,0x00000000a4980000)
 Metaspace       used 36046K, capacity 36782K, committed 37248K, reserved 1081344K
  class space    used 4955K, capacity 5233K, committed 5248K, reserved 1048576K
Event: 92.589 GC heap after
Heap after GC invocations=18 (full 2):
 PSYoungGen      total 56320K, used 4104K [0x00000000e0800000, 0x00000000e4880000, 0x0000000100000000)
  eden space 49664K, 0% used [0x00000000e0800000,0x00000000e0800000,0x00000000e3880000)
  from space 6656K, 61% used [0x00000000e4200000,0x00000000e4602078,0x00000000e4880000)
  to   space 8192K, 0% used [0x00000000e3880000,0x00000000e3880000,0x00000000e4080000)
 ParOldGen       total 50688K, used 17638K [0x00000000a1800000, 0x00000000a4980000, 0x00000000e0800000)
  object space 50688K, 34% used [0x00000000a1800000,0x00000000a2939b20,0x00000000a4980000)
 Metaspace       used 36046K, capacity 36782K, committed 37248K, reserved 1081344K
  class space    used 4955K, capacity 5233K, committed 5248K, reserved 1048576K
}
Event: 95.287 GC heap before
{Heap before GC invocations=19 (full 2):
 PSYoungGen      total 56320K, used 53768K [0x00000000e0800000, 0x00000000e4880000, 0x0000000100000000)
  eden space 49664K, 100% used [0x00000000e0800000,0x00000000e3880000,0x00000000e3880000)
  from space 6656K, 61% used [0x00000000e4200000,0x00000000e4602078,0x00000000e4880000)
  to   space 8192K, 0% used [0x00000000e3880000,0x00000000e3880000,0x00000000e4080000)
 ParOldGen       total 50688K, used 17638K [0x00000000a1800000, 0x00000000a4980000, 0x00000000e0800000)
  object space 50688K, 34% used [0x00000000a1800000,0x00000000a2939b20,0x00000000a4980000)
 Metaspace       used 40947K, capacity 41690K, committed 41984K, reserved 1085440K
  class space    used 5571K, capacity 5837K, committed 5888K, reserved 1048576K
Event: 95.313 GC heap after
Heap after GC invocations=19 (full 2):
 PSYoungGen      total 57856K, used 3445K [0x00000000e0800000, 0x00000000e5700000, 0x0000000100000000)
  eden space 49664K, 0% used [0x00000000e0800000,0x00000000e0800000,0x00000000e3880000)
  from space 8192K, 42% used [0x00000000e3880000,0x00000000e3bdd5d8,0x00000000e4080000)
  to   space 8192K, 0% used [0x00000000e4f00000,0x00000000e4f00000,0x00000000e5700000)
 ParOldGen       total 50688K, used 20678K [0x00000000a1800000, 0x00000000a4980000, 0x00000000e0800000)
  object space 50688K, 40% used [0x00000000a1800000,0x00000000a2c31b20,0x00000000a4980000)
 Metaspace       used 40947K, capacity 41690K, committed 41984K, reserved 1085440K
  class space    used 5571K, capacity 5837K, committed 5888K, reserved 1048576K
}
Event: 98.585 GC heap before
{Heap before GC invocations=20 (full 2):
 PSYoungGen      total 57856K, used 53109K [0x00000000e0800000, 0x00000000e5700000, 0x0000000100000000)
  eden space 49664K, 100% used [0x00000000e0800000,0x00000000e3880000,0x00000000e3880000)
  from space 8192K, 42% used [0x00000000e3880000,0x00000000e3bdd5d8,0x00000000e4080000)
  to   space 8192K, 0% used [0x00000000e4f00000,0x00000000e4f00000,0x00000000e5700000)
 ParOldGen       total 50688K, used 20678K [0x00000000a1800000, 0x00000000a4980000, 0x00000000e0800000)
  object space 50688K, 40% used [0x00000000a1800000,0x00000000a2c31b20,0x00000000a4980000)
 Metaspace       used 42570K, capacity 43558K, committed 43776K, reserved 1087488K
  class space    used 5778K, capacity 6091K, committed 6144K, reserved 1048576K
Event: 98.596 GC heap after
Heap after GC invocations=20 (full 2):
 PSYoungGen      total 69632K, used 4665K [0x00000000e0800000, 0x00000000e5500000, 0x0000000100000000)
  eden space 63488K, 0% used [0x00000000e0800000,0x00000000e0800000,0x00000000e4600000)
  from space 6144K, 75% used [0x00000000e4f00000,0x00000000e538e428,0x00000000e5500000)
  to   space 7680K, 0% used [0x00000000e4600000,0x00000000e4600000,0x00000000e4d80000)
 ParOldGen       total 50688K, used 21776K [0x00000000a1800000, 0x00000000a4980000, 0x00000000e0800000)
  object space 50688K, 42% used [0x00000000a1800000,0x00000000a2d441e0,0x00000000a4980000)
 Metaspace       used 42570K, capacity 43558K, committed 43776K, reserved 1087488K
  class space    used 5778K, capacity 6091K, committed 6144K, reserved 1048576K
}
Event: 118.811 GC heap before
{Heap before GC invocations=21 (full 2):
 PSYoungGen      total 69632K, used 68153K [0x00000000e0800000, 0x00000000e5500000, 0x0000000100000000)
  eden space 63488K, 100% used [0x00000000e0800000,0x00000000e4600000,0x00000000e4600000)
  from space 6144K, 75% used [0x00000000e4f00000,0x00000000e538e428,0x00000000e5500000)
  to   space 7680K, 0% used [0x00000000e4600000,0x00000000e4600000,0x00000000e4d80000)
 ParOldGen       total 50688K, used 21776K [0x00000000a1800000, 0x00000000a4980000, 0x00000000e0800000)
  object space 50688K, 42% used [0x00000000a1800000,0x00000000a2d441e0,0x00000000a4980000)
 Metaspace       used 46939K, capacity 48008K, committed 48256K, reserved 1091584K
  class space    used 6354K, capacity 6688K, committed 6784K, reserved 1048576K
Event: 118.827 GC heap after
Heap after GC invocations=21 (full 2):
 PSYoungGen      total 71168K, used 7034K [0x00000000e0800000, 0x00000000e6600000, 0x0000000100000000)
  eden space 63488K, 0% used [0x00000000e0800000,0x00000000e0800000,0x00000000e4600000)
  from space 7680K, 91% used [0x00000000e4600000,0x00000000e4cde9f0,0x00000000e4d80000)
  to   space 8192K, 0% used [0x00000000e5e00000,0x00000000e5e00000,0x00000000e6600000)
 ParOldGen       total 50688K, used 24527K [0x00000000a1800000, 0x00000000a4980000, 0x00000000e0800000)
  object space 50688K, 48% used [0x00000000a1800000,0x00000000a2ff3f68,0x00000000a4980000)
 Metaspace       used 46939K, capacity 48008K, committed 48256K, reserved 1091584K
  class space    used 6354K, capacity 6688K, committed 6784K, reserved 1048576K
}
Event: 120.251 GC heap before
{Heap before GC invocations=22 (full 2):
 PSYoungGen      total 71168K, used 70522K [0x00000000e0800000, 0x00000000e6600000, 0x0000000100000000)
  eden space 63488K, 100% used [0x00000000e0800000,0x00000000e4600000,0x00000000e4600000)
  from space 7680K, 91% used [0x00000000e4600000,0x00000000e4cde9f0,0x00000000e4d80000)
  to   space 8192K, 0% used [0x00000000e5e00000,0x00000000e5e00000,0x00000000e6600000)
 ParOldGen       total 50688K, used 24527K [0x00000000a1800000, 0x00000000a4980000, 0x00000000e0800000)
  object space 50688K, 48% used [0x00000000a1800000,0x00000000a2ff3f68,0x00000000a4980000)
 Metaspace       used 50093K, capacity 51466K, committed 51840K, reserved 1093632K
  class space    used 6823K, capacity 7189K, committed 7296K, reserved 1048576K
Event: 120.286 GC heap after
Heap after GC invocations=22 (full 2):
 PSYoungGen      total 88064K, used 5212K [0x00000000e0800000, 0x00000000e6780000, 0x0000000100000000)
  eden space 79872K, 0% used [0x00000000e0800000,0x00000000e0800000,0x00000000e5600000)
  from space 8192K, 63% used [0x00000000e5e00000,0x00000000e6317348,0x00000000e6600000)
  to   space 8192K, 0% used [0x00000000e5600000,0x00000000e5600000,0x00000000e5e00000)
 ParOldGen       total 50688K, used 28021K [0x00000000a1800000, 0x00000000a4980000, 0x00000000e0800000)
  object space 50688K, 55% used [0x00000000a1800000,0x00000000a335d508,0x00000000a4980000)
 Metaspace       used 50093K, capacity 51466K, committed 51840K, reserved 1093632K
  class space    used 6823K, capacity 7189K, committed 7296K, reserved 1048576K
}

